0 info it worked if it ends with ok
1 verbose cli [ 'node', '/usr/local/bin/npm', 'install', 'pg' ]
2 info using npm@1.3.21
3 info using node@v0.10.24
4 warn package.json golfworkspace@0.0.0 No repository field.
5 warn package.json golfworkspace@0.0.0 No README data
6 verbose readDependencies using package.json deps
7 verbose cache add [ 'pg@0.6.15', null ]
8 verbose cache add name=undefined spec="pg@0.6.15" args=["pg@0.6.15",null]
9 verbose parsed url { protocol: null,
9 verbose parsed url   slashes: null,
9 verbose parsed url   auth: null,
9 verbose parsed url   host: null,
9 verbose parsed url   port: null,
9 verbose parsed url   hostname: null,
9 verbose parsed url   hash: null,
9 verbose parsed url   search: null,
9 verbose parsed url   query: null,
9 verbose parsed url   pathname: 'pg@0.6.15',
9 verbose parsed url   path: 'pg@0.6.15',
9 verbose parsed url   href: 'pg@0.6.15' }
10 verbose cache add name="pg" spec="0.6.15" args=["pg","0.6.15"]
11 verbose parsed url { protocol: null,
11 verbose parsed url   slashes: null,
11 verbose parsed url   auth: null,
11 verbose parsed url   host: null,
11 verbose parsed url   port: null,
11 verbose parsed url   hostname: null,
11 verbose parsed url   hash: null,
11 verbose parsed url   search: null,
11 verbose parsed url   query: null,
11 verbose parsed url   pathname: '0.6.15',
11 verbose parsed url   path: '0.6.15',
11 verbose parsed url   href: '0.6.15' }
12 verbose addNamed [ 'pg', '0.6.15' ]
13 verbose addNamed [ '0.6.15', '0.6.15' ]
14 silly lockFile 13eef25f-pg-0-6-15 pg@0.6.15
15 verbose lock pg@0.6.15 /Users/John1/.npm/13eef25f-pg-0-6-15.lock
16 verbose url raw pg/0.6.15
17 verbose url resolving [ 'https://registry.npmjs.org/', './pg/0.6.15' ]
18 verbose url resolved https://registry.npmjs.org/pg/0.6.15
19 info trying registry request attempt 1 at 14:50:07
20 http GET https://registry.npmjs.org/pg/0.6.15
21 http 503 https://registry.npmjs.org/pg/0.6.15
22 verbose bad json <?xml version="1.0" encoding="utf-8"?>
22 verbose bad json <!DOCTYPE html PUBLIC "-//W3C//DTD XHTML 1.0 Strict//EN"
22 verbose bad json  "http://www.w3.org/TR/xhtml1/DTD/xhtml1-strict.dtd">
22 verbose bad json <html>
22 verbose bad json   <head>
22 verbose bad json     <title>503 backend read error</title>
22 verbose bad json   </head>
22 verbose bad json   <body>
22 verbose bad json     <h1>Error 503 backend read error</h1>
22 verbose bad json     <p>backend read error</p>
22 verbose bad json     <h3>Guru Meditation:</h3>
22 verbose bad json     <p>XID: 2796374935</p>
22 verbose bad json     <hr>
22 verbose bad json     <p>Varnish cache server</p>
22 verbose bad json   </body>
22 verbose bad json </html>
23 error registry error parsing json
24 info retry will retry, error on last attempt: SyntaxError: Unexpected token <
24 info retry
24 info retry <?xml version="1.0" encoding="utf-8"?>
24 info retry <!DOCTYPE html PUBLIC "-//W3C//DTD XHTML 1.0 Strict//EN"
24 info retry  "http://www.w3.org/TR/xhtml1/DTD/xhtml1-strict.dtd">
24 info retry <html>
24 info retry   <head>
24 info retry     <title>503 backend read error</title>
24 info retry   </head>
24 info retry   <body>
24 info retry     <h1>Error 503 backend read error</h1>
24 info retry     <p>backend read error</p>
24 info retry     <h3>Guru Meditation:</h3>
24 info retry     <p>XID: 2796374935</p>
24 info retry     <hr>
24 info retry     <p>Varnish cache server</p>
24 info retry   </body>
24 info retry </html>
25 info trying registry request attempt 2 at 14:50:31
26 http GET https://registry.npmjs.org/pg/0.6.15
27 http 500 https://registry.npmjs.org/pg/0.6.15
28 verbose bad json Internal routing error
28 verbose bad json
28 verbose bad json Sorry, we cannot connect to the intended server.
28 verbose bad json
28 verbose bad json We have just been notified of this problem. We will correct it as soon as possible.
28 verbose bad json
28 verbose bad json Feel free to contact us if you have any questions: support@iriscouch.com
29 error registry error parsing json
30 info retry will retry, error on last attempt: SyntaxError: Unexpected token I
30 info retry Internal routing error
30 info retry
30 info retry Sorry, we cannot connect to the intended server.
30 info retry
30 info retry We have just been notified of this problem. We will correct it as soon as possible.
30 info retry
30 info retry Feel free to contact us if you have any questions: support@iriscouch.com
31 info trying registry request attempt 3 at 14:51:31
32 http GET https://registry.npmjs.org/pg/0.6.15
33 http 500 https://registry.npmjs.org/pg/0.6.15
34 verbose bad json Internal routing error
34 verbose bad json
34 verbose bad json Sorry, we cannot connect to the intended server.
34 verbose bad json
34 verbose bad json We have just been notified of this problem. We will correct it as soon as possible.
34 verbose bad json
34 verbose bad json Feel free to contact us if you have any questions: support@iriscouch.com
35 error registry error parsing json
36 silly registry.get cb [ 500,
36 silly registry.get   { date: 'Tue, 14 Jan 2014 19:51:32 GMT',
36 silly registry.get     server: 'Apache',
36 silly registry.get     'content-type': 'text/plain',
36 silly registry.get     'cache-control': 'max-age=0',
36 silly registry.get     'content-length': '239',
36 silly registry.get     'accept-ranges': 'bytes',
36 silly registry.get     via: '1.1 varnish',
36 silly registry.get     age: '0',
36 silly registry.get     'x-served-by': 'cache-v42-ASH',
36 silly registry.get     'x-cache': 'MISS',
36 silly registry.get     'x-cache-hits': '0',
36 silly registry.get     'x-timer': 'S1389729092.004643917,VS0,VE210',
36 silly registry.get     connection: 'close' } ]
37 silly lockFile 13eef25f-pg-0-6-15 pg@0.6.15
38 silly lockFile 13eef25f-pg-0-6-15 pg@0.6.15
39 error SyntaxError: Unexpected token I
39 error Internal routing error
39 error
39 error Sorry, we cannot connect to the intended server.
39 error
39 error We have just been notified of this problem. We will correct it as soon as possible.
39 error
39 error Feel free to contact us if you have any questions: support@iriscouch.com
39 error
39 error     at Object.parse (native)
39 error     at RegClient.<anonymous> (/usr/local/lib/node_modules/npm/node_modules/npm-registry-client/lib/request.js:241:23)
39 error     at Request.self.callback (/usr/local/lib/node_modules/npm/node_modules/request/request.js:123:22)
39 error     at Request.EventEmitter.emit (events.js:98:17)
39 error     at Request.<anonymous> (/usr/local/lib/node_modules/npm/node_modules/request/request.js:893:14)
39 error     at Request.EventEmitter.emit (events.js:117:20)
39 error     at IncomingMessage.<anonymous> (/usr/local/lib/node_modules/npm/node_modules/request/request.js:844:12)
39 error     at IncomingMessage.EventEmitter.emit (events.js:117:20)
39 error     at _stream_readable.js:920:16
39 error     at process._tickCallback (node.js:415:13)
40 error If you need help, you may report this *entire* log,
40 error including the npm and node versions, at:
40 error     <http://github.com/isaacs/npm/issues>
41 error System Darwin 12.5.0
42 error command "node" "/usr/local/bin/npm" "install" "pg"
43 error cwd /Users/John1/golfworkspace
44 error node -v v0.10.24
45 error npm -v 1.3.21
46 error type unexpected_token
47 verbose exit [ 1, true ]
